      Lon      Lat    Year  Seasonal    V_temp    V_prec  temp_min temp_mean mtemp_max temp_seas      gdd5  prec_min      prec  prec_range
    41.75    60.75    1980         4     0.039     2.850     -15.2       1.5      16.6         1      1101      0.27     571.3           2
    41.75    60.75    1981         4     0.039     2.850     -15.2       2.9      19.2         1      1430      0.27     570.4           2
    41.75    60.75    1982         4     0.039     2.850     -15.2       2.8      17.0         1      1099      0.27     561.1           2
    41.75    60.75    1983         4     0.039     2.850     -15.2       3.1      17.8         1      1323      0.27     697.6           2
    41.75    60.75    1984         4     0.039     2.850     -15.2       2.4      16.9         1      1276      0.27     576.4           2
    41.75    60.75    1985         4     0.039     2.850     -15.2       1.3      16.9         1      1221      0.27     584.5           2
    41.75    60.75    1986         4     0.039     2.850     -15.1       1.4      15.6         1      1119      0.27     623.2           2
    41.75    60.75    1987         4     0.039     2.849     -15.1       0.7      15.6         1      1116      0.27     544.3           2
    41.75    60.75    1988         4     0.039     2.849     -15.1       1.7      20.5         1      1456      0.27     600.2           2
    41.75    60.75    1989         4     0.039     2.849     -15.1       3.0      18.8         1      1453      0.27     653.2           2
    41.75    60.75    1990         4     0.039     2.848     -15.1       2.8      16.9         1      1106      0.27     641.4           2
    41.75    60.75    1991         4     0.039     2.847     -15.0       3.1      16.9         1      1325      0.27     564.3           2
    41.75    60.75    1992         4     0.039     2.846     -15.0       2.6      15.8         1      1211      0.27     565.2           2
    41.75    60.75    1993         4     0.039     2.845     -15.0       1.7      16.3         1      1072      0.27     692.2           2
    41.75    60.75    1994         4     0.039     2.845     -14.9       1.8      15.3         1      1132      0.27     616.5           2
    41.75    60.75    1995         4     0.039     2.846     -14.9       2.7      17.2         1      1467      0.27     591.0           2
    41.75    60.75    1996         4     0.039     2.844     -14.9       2.5      16.1         1      1123      0.27     529.8           2
    41.75    60.75    1997         4     0.039     2.844     -14.8       1.8      16.0         1      1156      0.27     580.8           2
    41.75    60.75    1998         4     0.039     2.844     -14.8       1.6      17.7         1      1311      0.27     684.0           2
    41.75    60.75    1999         4     0.039     2.842     -14.7       2.4      18.6         1      1440      0.27     500.1           2
    41.75    60.75    2000         4     0.039     2.817     -14.6       2.9      19.6         1      1396      0.27     588.4           2
    41.75    60.75    2001         4     0.039     2.829     -14.9       2.3      19.4         1      1405      0.27     546.1           2
    41.75    60.75    2002         4     0.039     2.854     -14.8       1.7      19.3         1      1265      0.26     536.5           2
    41.75    60.75    2003         4     0.039     2.843     -15.0       3.0      19.7         1      1402      0.26     584.9           2
    41.75    60.75    2004         4     0.039     2.834     -14.9       3.1      18.3         1      1308      0.27     585.0           2
    41.75    60.75    2005         4     0.038     2.822     -14.5       3.7      17.5         1      1485      0.26     470.8           2
    41.75    60.75    2006         4     0.038     2.770     -14.5       3.5      17.1         1      1347      0.28     637.4           2
    41.75    60.75    2007         4     0.038     2.745     -14.1       3.9      18.0         1      1433      0.28     639.4           2
    41.75    60.75    2008         4     0.037     2.717     -13.9       4.2      17.1         1      1150      0.28     631.8           2
    41.75    60.75    2009         4     0.038     2.707     -14.0       3.4      16.7         1      1341      0.28     663.4           2
    41.75    60.75    2010         4     0.038     2.723     -14.2       2.8      21.9         1      1592      0.27     501.0           2
   142.25   -20.25    1980         2     0.015     0.996      18.4      26.2      31.3         4      7723      0.00     369.4           1
   142.25   -20.25    1981         2     0.015     0.996      18.4      25.8      31.8         4      7418      0.00     699.4           1
   142.25   -20.25    1982         2     0.015     0.996      18.4      25.6      31.7         4      7474      0.00     340.2           1
   142.25   -20.25    1983         2     0.015     0.996      18.4      26.0      33.0         4      7760      0.00     342.0           1
   142.25   -20.25    1984         2     0.015     0.996      18.4      25.5      31.6         4      7258      0.00     480.8           1
   142.25   -20.25    1985         2     0.015     0.996      18.4      25.6      31.8         4      7556      0.00     347.5           1
   142.25   -20.25    1986         2     0.015     0.996      18.4      26.2      31.8         4      7862      0.00     217.3           1
   142.25   -20.25    1987         2     0.015     0.996      18.4      26.2      31.7         4      7726      0.00     363.6           1
   142.25   -20.25    1988         2     0.015     0.996      18.4      26.8      32.9         4      8033      0.00     291.3           1
   142.25   -20.25    1989         2     0.015     0.996      18.4      26.0      31.6         4      7483      0.00     461.3           1
   142.25   -20.25    1990         2     0.015     0.996      18.4      26.0      32.3         4      7603      0.00     394.6           1
   142.25   -20.25    1991         2     0.015     0.996      18.4      25.8      31.3         4      7449      0.00     672.9           1
   142.25   -20.25    1992         2     0.015     0.996      18.4      25.9      32.0         4      7666      0.00     422.8           1
   142.25   -20.25    1993         2     0.015     0.996      18.4      26.2      30.9         4      7722      0.00     479.7           1
   142.25   -20.25    1994         2     0.015     0.996      18.4      25.9      32.8         4      7517      0.00     370.0           1
   142.25   -20.25    1995         2     0.015     0.996      18.4      26.2      31.7         4      7725      0.00     444.5           1
   142.25   -20.25    1996         2     0.015     0.996      18.4      26.3      31.6         4      7780      0.00     380.5           1
   142.25   -20.25    1997         2     0.015     0.996      18.4      25.9      30.4         4      7467      0.00     576.7           1
   142.25   -20.25    1998         2     0.015     0.996      18.4      26.4      31.1         4      7867      0.00     498.6           1
   142.25   -20.25    1999         2     0.015     0.996      18.3      25.9      30.3         4      7530      0.00     451.6           1
   142.25   -20.25    2000         2     0.015     0.968      18.3      25.3      30.7         4      7291      0.00     843.2           1
   142.25   -20.25    2001         2     0.016     0.960      18.3      25.6      32.1         4      7494      0.00     382.2           1
   142.25   -20.25    2002         2     0.015     0.976      18.4      25.9      31.9         4      7634      0.00     288.1           1
   142.25   -20.25    2003         2     0.015     1.033      18.4      26.3      31.4         4      7796      0.00     396.9           1
   142.25   -20.25    2004         2     0.015     1.047      18.5      26.0      30.5         4      7569      0.00     551.8           1
   142.25   -20.25    2005         2     0.015     1.069      18.7      26.6      32.8         4      7889      0.00     291.2           1
   142.25   -20.25    2006         2     0.015     1.047      18.6      25.9      31.0         4      7461      0.00     539.6           1
   142.25   -20.25    2007         2     0.015     1.028      18.5      25.7      30.5         4      7435      0.00     464.6           1
   142.25   -20.25    2008         2     0.015     1.060      18.4      25.9      32.0         4      7523      0.00     402.1           1
   142.25   -20.25    2009         2     0.015     1.130      18.4      25.6      31.0         4      7346      0.00     693.5           1
   142.25   -20.25    2010         2     0.015     1.160      18.4      25.1      28.8         4      7213      0.00     721.6           1
